<?xml version="1.0" encoding="UTF-8"?>
<!-- Generated by org.testng.reporters.JUnitReportReporter -->
<testsuite skipped="0" hostname="DESKTOP-HHTB5CG" name="AirportTest" tests="5" failures="0" timestamp="2019-01-29T09:57:00 MSK" time="0.032" errors="0">
  <testcase name="testGetTransportMilitaryPlanes" time="0.001" classname="AirportTest"/>
  <testcase name="testHasAtLeastOneBomberInMilitaryPlanes" time="0.000" classname="AirportTest"/>
  <testcase name="testExperimentalPlanesHasClassificationLevelHigherThanUnclassified" time="0.030" classname="AirportTest"/>
  <testcase name="testGetPassengerPlaneWithMaxCapacity" time="0.000" classname="AirportTest"/>
  <testcase name="testPlanesSortedByMaxLoadCapacity" time="0.001" classname="AirportTest"/>
</testsuite> <!-- AirportTest -->
